

Version:	3.12
CmdLine:	C:\Users\PORTATIL\Desktop\TornoC\torno.exe --l4j-debug
WOW64:		yes
Working dir:	C:\Users\PORTATIL\Desktop\TornoC\.
Java min ver:	1.004.000
Java max ver:	
64-bit search:	SOFTWARE\JavaSoft\Java Runtime Environment...
Check:		SOFTWARE\JavaSoft\Java Runtime Environment\1.8
Check launcher:	C:\Program Files\Java\jre1.8.0_271\bin\javaw.exe (OK)
Match:		1.008.000
Check:		SOFTWARE\JavaSoft\Java Runtime Environment\1.8.0_271
Check launcher:	C:\Program Files\Java\jre1.8.0_271\bin\javaw.exe (OK)
Match:		1.008.000_271
64-bit search:	SOFTWARE\JavaSoft\Java Development Kit...
Check:		SOFTWARE\JavaSoft\Java Development Kit\1.8
Ignore:		1.008.000
Check:		SOFTWARE\JavaSoft\Java Development Kit\1.8.0_111
Ignore:		1.008.000_111
Check:		SOFTWARE\JavaSoft\Java Development Kit\1.8.0_271
Ignore:		1.008.000_271
64-bit search:	SOFTWARE\JavaSoft\JRE...
64-bit search:	SOFTWARE\JavaSoft\JDK...
Runtime used:	1.008.000_271 (64-bit)
Launcher:	C:\Program Files\Java\jre1.8.0_271\bin\javaw.exe
Launcher args:	-jar "C:\Users\PORTATIL\Desktop\TornoC\torno.exe"
Args length:	49/32768 chars
Exit code:	0


Version:	3.12
CmdLine:	C:\Users\PORTATIL\Desktop\TornoC\torno.exe --l4j-debug
WOW64:		yes
Working dir:	C:\Users\PORTATIL\Desktop\TornoC\.
Java min ver:	1.004.000
Java max ver:	
64-bit search:	SOFTWARE\JavaSoft\Java Runtime Environment...
Check:		SOFTWARE\JavaSoft\Java Runtime Environment\1.8
Check launcher:	C:\Program Files\Java\jre1.8.0_271\bin\javaw.exe (OK)
Match:		1.008.000
Check:		SOFTWARE\JavaSoft\Java Runtime Environment\1.8.0_271
Check launcher:	C:\Program Files\Java\jre1.8.0_271\bin\javaw.exe (OK)
Match:		1.008.000_271
64-bit search:	SOFTWARE\JavaSoft\Java Development Kit...
Check:		SOFTWARE\JavaSoft\Java Development Kit\1.8
Ignore:		1.008.000
Check:		SOFTWARE\JavaSoft\Java Development Kit\1.8.0_111
Ignore:		1.008.000_111
Check:		SOFTWARE\JavaSoft\Java Development Kit\1.8.0_271
Ignore:		1.008.000_271
64-bit search:	SOFTWARE\JavaSoft\JRE...
64-bit search:	SOFTWARE\JavaSoft\JDK...
Runtime used:	1.008.000_271 (64-bit)
Launcher:	C:\Program Files\Java\jre1.8.0_271\bin\javaw.exe
Launcher args:	-jar "C:\Users\PORTATIL\Desktop\TornoC\torno.exe"
Args length:	49/32768 chars
Exit code:	0
