[INFO              ] Kivy v1.8.0
[ERROR             ] Error when copying logo directory
Traceback (most recent call last):
  File "/QPython/core/build/python-install/lib/python2.7/site-packages/kivy/__init__.py", line 272, in <module>
  File "/QPython/core/build/python-install/lib/python2.7/shutil.py", line 205, in copytree
Error: [('/data/data/com.hipipal.qpyplus/files/lib/python2.7/site-packages/kivy/data/logo/kivy-icon-128.png', '/storage/sdcard0/com.hipipal.qpyplus/projects/Album Sample/.kivy/icon/kivy-icon-128.png', "[Errno 1] Operation not permitted: '/storage/sdcard0/com.hipipal.qpyplus/projects/Album Sample/.kivy/icon/kivy-icon-128.png'"), ('/data/data/com.hipipal.qpyplus/files/lib/python2.7/site-packages/kivy/data/logo/kivy-icon-16.png', '/storage/sdcard0/com.hipipal.qpyplus/projects/Album Sample/.kivy/icon/kivy-icon-16.png', "[Errno 1] Operation not permitted: '/storage/sdcard0/com.hipipal.qpyplus/projects/Album Sample/.kivy/icon/kivy-icon-16.png'"), ('/data/data/com.hipipal.qpyplus/files/lib/python2.7/site-packages/kivy/data/logo/kivy-icon-24.png', '/storage/sdcard0/com.hipipal.qpyplus/projects/Album Sample/.kivy/icon/kivy-icon-24.png', "[Errno 1] Operation not permitted: '/storage/sdcard0/com.hipipal.qpyplus/projects/Album Sample/.kivy/icon/kivy-icon-24.png'"), ('/data/data/com.hipipal.qpyplus/files/lib/python2.7/site-packages/kivy/data/logo/kivy-icon-256.png', '/storage/sdcard0/com.hipipal.qpyplus/projects/Album Sample/.kivy/icon/kivy-icon-256.png', "[Errno 1] Operation not permitted: '/storage/sdcard0/com.hipipal.qpyplus/projects/Album Sample/.kivy/icon/kivy-icon-256.png'"), ('/data/data/com.hipipal.qpyplus/files/lib/python2.7/site-packages/kivy/data/logo/kivy-icon-32.png', '/storage/sdcard0/com.hipipal.qpyplus/projects/Album Sample/.kivy/icon/kivy-icon-32.png', "[Errno 1] Operation not permitted: '/storage/sdcard0/com.hipipal.qpyplus/projects/Album Sample/.kivy/icon/kivy-icon-32.png'"), ('/data/data/com.hipipal.qpyplus/files/lib/python2.7/site-packages/kivy/data/logo/kivy-icon-512.png', '/storage/sdcard0/com.hipipal.qpyplus/projects/Album Sample/.kivy/icon/kivy-icon-512.png', "[Errno 1] Operation not permitted: '/storage/sdcard0/com.hipipal.qpyplus/projects/Album Sample/.kivy/icon/kivy-icon-512.png'"), ('/data/data/com.hipipal.qpyplus/files/lib/python2.7/site-packages/kivy/data/logo/kivy-icon-64.png', '/storage/sdcard0/com.hipipal.qpyplus/projects/Album Sample/.kivy/icon/kivy-icon-64.png', "[Errno 1] Operation not permitted: '/storage/sdcard0/com.hipipal.qpyplus/projects/Album Sample/.kivy/icon/kivy-icon-64.png'"), '/data/data/com.hipipal.qpyplus/files/lib/python2.7/site-packages/kivy/data/logo', '/storage/sdcard0/com.hipipal.qpyplus/projects/Album Sample/.kivy/icon', "[Errno 1] Operation not permitted: '/storage/sdcard0/com.hipipal.qpyplus/projects/Album Sample/.kivy/icon'"]
[WARNING           ] [Config      ] Older configuration version detected (0 instead of 10)
[WARNING           ] [Config      ] Upgrading configuration in progress.
[INFO              ] [Factory     ] 157 symbols loaded
[DEBUG             ] [Cache       ] register <kv.lang> with limit=None, timeout=Nones
[DEBUG             ] [Cache       ] register <kv.image> with limit=None, timeout=60s
[DEBUG             ] [Cache       ] register <kv.atlas> with limit=None, timeout=Nones
[INFO              ] [Image       ] Providers: img_tex, img_dds, img_pygame, img_pil, img_gif 
[DEBUG             ] [Cache       ] register <kv.texture> with limit=1000, timeout=60s
[DEBUG             ] [Cache       ] register <kv.shader> with limit=1000, timeout=3600s
[DEBUG             ] [Window      ] Ignored <egl_rpi> (import error)
[INFO              ] [Window      ] Provider: pygame(['window_egl_rpi'] ignored)
[DEBUG             ] [WinPygame   ] Set window to fullscreen mode
[DEBUG             ] [Window      ] Display driver android
[DEBUG             ] [Window      ] Actual window size: 320x240
[INFO              ] [GL          ] OpenGL version <OpenGL ES 2.0 V@6.0 AU@04.01.01.42.002 (CL@)>
[INFO              ] [GL          ] OpenGL vendor <Qualcomm>
[INFO              ] [GL          ] OpenGL renderer <Adreno (TM) 200>
[INFO              ] [GL          ] OpenGL parsed version: 2, 0
[INFO              ] [GL          ] Texture max size <4096>
[INFO              ] [GL          ] Texture max units <16>
[DEBUG             ] [Shader      ] Fragment compiled successfully
[DEBUG             ] [Shader      ] Vertex compiled successfully
[INFO              ] [Shader      ] program: <--From Fragment Shader:
--From Vertex Shader:
Link was successful.>
[DEBUG             ] [ImagePygame ] Load </data/data/com.hipipal.qpyplus/files/lib/python2.7/site-packages/kivy/data/glsl/default.png>
[INFO              ] [Support     ] Android install hooks
[INFO              ] [Window      ] virtual keyboard not allowed, single mode, not docked
[DEBUG             ] [App         ] Loading kv <./pictures.kv>
[DEBUG             ] [ImagePygame ] Load </data/data/com.hipipal.qpyplus/files/lib/python2.7/site-packages/kivy/data/../data/images/background.jpg>
[INFO              ] [GL          ] NPOT texture support is available
[DEBUG             ] [Cache       ] register <kv.loader> with limit=500, timeout=60s
[INFO              ] [Loader      ] using a thread pool of 2 workers
[INFO              ] [Text        ] Provider: pygame
[DEBUG             ] [ImagePygame ] Load </data/data/com.hipipal.qpyplus/files/lib/python2.7/site-packages/kivy/data/../data/logo/kivy-icon-24.png>
[DEBUG             ] [ImagePygame ] Load <shadow32.png>
[DEBUG             ] [ImagePygame ] Load <images/android.jpg>
[DEBUG             ] [ImagePygame ] Load <images/qpy_land.jpg>
[INFO              ] [OSC         ] using <thread> for socket
[DEBUG             ] [Base        ] Create provider from android
[INFO              ] [Base        ] Start application main loop
[INFO              ] [Android     ] found 17 joystick
[INFO              ] [Android     ] create joystick <0>
[INFO              ] [Android     ] discard joystick <0> cause no button
[INFO              ] [Android     ] create joystick <1>
[INFO              ] [Android     ] create joystick <2>
[INFO              ] [Android     ] create joystick <3>
[INFO              ] [Android     ] create joystick <4>
[INFO              ] [Android     ] create joystick <5>
[INFO              ] [Android     ] create joystick <6>
[INFO              ] [Android     ] create joystick <7>
[INFO              ] [Android     ] create joystick <8>
[INFO              ] [Android     ] create joystick <9>
[INFO              ] [Android     ] create joystick <10>
[INFO              ] [Android     ] create joystick <11>
[INFO              ] [Android     ] create joystick <12>
[INFO              ] [Android     ] create joystick <13>
[INFO              ] [Android     ] create joystick <14>
[INFO              ] [Android     ] create joystick <15>
[INFO              ] [Android     ] create joystick <16>
[INFO              ] [Base        ] Leaving application in progress...

